{
  "RSpec": {
    "coverage": {
      "/Users/johnhinrichs/dev/redit/config/environment.rb": [
        null,
        1,
        null,
        null,
        1
      ],
      "/Users/johnhinrichs/dev/redit/config/application.rb": [
        1,
        null,
        1,
        null,
        null,
        null,
        1,
        null,
        1,
        1,
        null,
        null,
        null,
        null,
        null,
        null,
        null,
        null,
        null,
        null,
        null,
        null,
        null
      ],
      "/Users/johnhinrichs/dev/redit/config/boot.rb": [
        null,
        1,
        null,
        1
      ],
      "/Users/johnhinrichs/dev/redit/config/environments/test.rb": [
        1,
        null,
        null,
        null,
        null,
        null,
        null,
        1,
        null,
        null,
        null,
        null,
        1,
        null,
        null,
        1,
        1,
        null,
        null,
        1,
        1,
        null,
        null,
        1,
        null,
        null,
        1,
        null,
        null,
        null,
        null,
        1,
        null,
        null,
        1,
        null
      ],
      "/Users/johnhinrichs/dev/redit/config/initializers/backtrace_silencers.rb": [
        null,
        null,
        null,
        null,
        null,
        null,
        null
      ],
      "/Users/johnhinrichs/dev/redit/config/initializers/filter_parameter_logging.rb": [
        null,
        null,
        null,
        1
      ],
      "/Users/johnhinrichs/dev/redit/config/initializers/inflections.rb": [
        null,
        null,
        null,
        null,
        null,
        null,
        null,
        null,
        null,
        null,
        null,
        null,
        null,
        null,
        null,
        null
      ],
      "/Users/johnhinrichs/dev/redit/config/initializers/mime_types.rb": [
        null,
        null,
        null,
        null,
        null
      ],
      "/Users/johnhinrichs/dev/redit/config/initializers/secret_token.rb": [
        null,
        null,
        null,
        null,
        null,
        null,
        null,
        null,
        null,
        null,
        null,
        1
      ],
      "/Users/johnhinrichs/dev/redit/config/initializers/session_store.rb": [
        null,
        null,
        1
      ],
      "/Users/johnhinrichs/dev/redit/config/initializers/wrap_parameters.rb": [
        null,
        null,
        null,
        null,
        null,
        null,
        1,
        1,
        null,
        null,
        null,
        null,
        null,
        null
      ],
      "/Users/johnhinrichs/dev/redit/spec/factories/user.rb": [
        1,
        1,
        2,
        2,
        1,
        1,
        null,
        null
      ],
      "/Users/johnhinrichs/dev/redit/config/routes.rb": [
        1,
        null,
        null,
        1,
        null,
        1,
        null,
        null
      ],
      "/Users/johnhinrichs/dev/redit/app/helpers/application_helper.rb": [
        1,
        null
      ],
      "/Users/johnhinrichs/dev/redit/spec/models/user_spec.rb": [
        1,
        null,
        1,
        2,
        2,
        null,
        2,
        2,
        null,
        null
      ],
      "/Users/johnhinrichs/dev/redit/app/models/user.rb": [
        1,
        1,
        1,
        null,
        1,
        null
      ],
      "/Users/johnhinrichs/dev/redit/app/controllers/articles_controller.rb": [
        1,
        null,
        1,
        null,
        null,
        null
      ],
      "/Users/johnhinrichs/dev/redit/app/controllers/application_controller.rb": [
        1,
        null,
        null,
        1,
        null
      ],
      "/Users/johnhinrichs/dev/redit/app/controllers/users_controller.rb": [
        1,
        null,
        1,
        1,
        null,
        null,
        1,
        1,
        null,
        null,
        null,
        null,
        null,
        1,
        null,
        null,
        1,
        1,
        null,
        null,
        null
      ]
    },
    "timestamp": 1393608344
  }
}
